<?xml version="1.0" encoding="UTF-8"?>
<!-- Generated by org.testng.reporters.JUnitXMLReporter -->
<testsuite ignored="0" hostname="DESKTOP-EMUU5D0" failures="0" tests="6" name="Chrome" time="0.138" errors="0" timestamp="2022-09-07T08:33:13 IST">
  <testcase classname="testPackage.TestClassA_TestNG" name="TestA" time="0.012"/>
  <testcase classname="testPackage.TestClassA_TestNG" name="TestB" time="0.001"/>
  <testcase classname="testPackage.TestClassA_TestNG" name="TestC" time="0.001"/>
  <testcase classname="testPackage.TestClassB_TestNG" name="TestA" time="0.002"/>
  <testcase classname="testPackage.TestClassB_TestNG" name="TestB" time="0.003"/>
  <testcase classname="testPackage.TestClassB_TestNG" name="TestC" time="0.016"/>
</testsuite> <!-- Chrome -->
